<?xml version="1.0" encoding="UTF-8"?>
<!-- Generated by org.testng.reporters.JUnitXMLReporter -->
<testsuite hostname="tsowjany" ignored="1" name="Test" tests="2" failures="0" timestamp="21 Jun 2019 07:15:22 GMT" time="36.498" errors="0">
  <testcase name="validLoginTest" time="24.702" classname="com.training.sanity.tests.LoginTest"/>
  <testcase name="validLogoutTest" time="11.759" classname="com.training.sanity.tests.LogoutTest"/>
  <testcase name="validLoginTest" time="0.0" classname="com.training.sanity.tests.LogoutTest">
    <ignored/>
  </testcase> <!-- validLoginTest -->
</testsuite> <!-- Test -->
